Analysis & Elaboration report for CPU
Fri Apr 28 10:44:06 2023
Quartus Prime Version 20.1.1 Build 720 11/11/2020 SJ Lite Edition


---------------------
; Table of Contents ;
---------------------
  1. Legal Notice
  2. Analysis & Elaboration Summary
  3. Parallel Compilation
  4. Analysis & Elaboration Settings
  5. Analysis & Elaboration Messages



----------------
; Legal Notice ;
----------------
Copyright (C) 2020  Intel Corporation. All rights reserved.
Your use of Intel Corporation's design tools, logic functions 
and other software and tools, and any partner logic 
functions, and any output files from any of the foregoing 
(including device programming or simulation files), and any 
associated documentation or information are expressly subject 
to the terms and conditions of the Intel Program License 
Subscription Agreement, the Intel Quartus Prime License Agreement,
the Intel FPGA IP License Agreement, or other applicable license
agreement, including, without limitation, that your use is for
the sole purpose of programming logic devices manufactured by
Intel and sold by Intel or its authorized distributors.  Please
refer to the applicable agreement for further details, at
https://fpgasoftware.intel.com/eula.



+-----------------------------------------------------------------------------+
; Analysis & Elaboration Summary                                              ;
+-------------------------------+---------------------------------------------+
; Analysis & Elaboration Status ; Successful - Fri Apr 28 10:44:06 2023       ;
; Quartus Prime Version         ; 20.1.1 Build 720 11/11/2020 SJ Lite Edition ;
; Revision Name                 ; CPU                                         ;
; Top-level Entity Name         ; CPU                                         ;
; Family                        ; Cyclone V                                   ;
; Logic utilization (in ALMs)   ; N/A until Partition Merge                   ;
; Total registers               ; N/A until Partition Merge                   ;
; Total pins                    ; N/A until Partition Merge                   ;
; Total virtual pins            ; N/A until Partition Merge                   ;
; Total block memory bits       ; N/A until Partition Merge                   ;
; Total PLLs                    ; N/A until Partition Merge                   ;
; Total DLLs                    ; N/A until Partition Merge                   ;
+-------------------------------+---------------------------------------------+


+------------------------------------------+
; Parallel Compilation                     ;
+----------------------------+-------------+
; Processors                 ; Number      ;
+----------------------------+-------------+
; Number detected on machine ; 8           ;
; Maximum allowed            ; 4           ;
;                            ;             ;
; Average used               ; 1.00        ;
; Maximum used               ; 1           ;
;                            ;             ;
; Usage by Processor         ; % Time Used ;
;     Processor 1            ; 100.0%      ;
+----------------------------+-------------+


+---------------------------------------------------------------------------------------------------------------------------+
; Analysis & Elaboration Settings                                                                                           ;
+---------------------------------------------------------------------------------+--------------------+--------------------+
; Option                                                                          ; Setting            ; Default Value      ;
+---------------------------------------------------------------------------------+--------------------+--------------------+
; Device                                                                          ; 5CGXFC7C7F23C8     ;                    ;
; Top-level entity name                                                           ; CPU                ; CPU                ;
; Family name                                                                     ; Cyclone V          ; Cyclone V          ;
; VHDL Show LMF Mapping Messages                                                  ; Off                ;                    ;
; VHDL Version                                                                    ; VHDL_2008          ; VHDL_1993          ;
; Use smart compilation                                                           ; Off                ; Off                ;
; Enable parallel Assembler and Timing Analyzer during compilation                ; On                 ; On                 ;
; Enable compact report table                                                     ; Off                ; Off                ;
; Restructure Multiplexers                                                        ; Auto               ; Auto               ;
; MLAB Add Timing Constraints For Mixed-Port Feed-Through Mode Setting Don't Care ; Off                ; Off                ;
; Create Debugging Nodes for IP Cores                                             ; Off                ; Off                ;
; Preserve fewer node names                                                       ; On                 ; On                 ;
; Intel FPGA IP Evaluation Mode                                                   ; Enable             ; Enable             ;
; Verilog Version                                                                 ; Verilog_2001       ; Verilog_2001       ;
; State Machine Processing                                                        ; Auto               ; Auto               ;
; Safe State Machine                                                              ; Off                ; Off                ;
; Extract Verilog State Machines                                                  ; On                 ; On                 ;
; Extract VHDL State Machines                                                     ; On                 ; On                 ;
; Ignore Verilog initial constructs                                               ; Off                ; Off                ;
; Iteration limit for constant Verilog loops                                      ; 5000               ; 5000               ;
; Iteration limit for non-constant Verilog loops                                  ; 250                ; 250                ;
; Add Pass-Through Logic to Inferred RAMs                                         ; On                 ; On                 ;
; Infer RAMs from Raw Logic                                                       ; On                 ; On                 ;
; Parallel Synthesis                                                              ; On                 ; On                 ;
; DSP Block Balancing                                                             ; Auto               ; Auto               ;
; NOT Gate Push-Back                                                              ; On                 ; On                 ;
; Power-Up Don't Care                                                             ; On                 ; On                 ;
; Remove Redundant Logic Cells                                                    ; Off                ; Off                ;
; Remove Duplicate Registers                                                      ; On                 ; On                 ;
; Ignore CARRY Buffers                                                            ; Off                ; Off                ;
; Ignore CASCADE Buffers                                                          ; Off                ; Off                ;
; Ignore GLOBAL Buffers                                                           ; Off                ; Off                ;
; Ignore ROW GLOBAL Buffers                                                       ; Off                ; Off                ;
; Ignore LCELL Buffers                                                            ; Off                ; Off                ;
; Ignore SOFT Buffers                                                             ; On                 ; On                 ;
; Limit AHDL Integers to 32 Bits                                                  ; Off                ; Off                ;
; Optimization Technique                                                          ; Balanced           ; Balanced           ;
; Carry Chain Length                                                              ; 70                 ; 70                 ;
; Auto Carry Chains                                                               ; On                 ; On                 ;
; Auto Open-Drain Pins                                                            ; On                 ; On                 ;
; Perform WYSIWYG Primitive Resynthesis                                           ; Off                ; Off                ;
; Auto ROM Replacement                                                            ; On                 ; On                 ;
; Auto RAM Replacement                                                            ; On                 ; On                 ;
; Auto DSP Block Replacement                                                      ; On                 ; On                 ;
; Auto Shift Register Replacement                                                 ; Auto               ; Auto               ;
; Allow Shift Register Merging across Hierarchies                                 ; Auto               ; Auto               ;
; Auto Clock Enable Replacement                                                   ; On                 ; On                 ;
; Strict RAM Replacement                                                          ; Off                ; Off                ;
; Allow Synchronous Control Signals                                               ; On                 ; On                 ;
; Force Use of Synchronous Clear Signals                                          ; Off                ; Off                ;
; Auto Resource Sharing                                                           ; Off                ; Off                ;
; Allow Any RAM Size For Recognition                                              ; Off                ; Off                ;
; Allow Any ROM Size For Recognition                                              ; Off                ; Off                ;
; Allow Any Shift Register Size For Recognition                                   ; Off                ; Off                ;
; Use LogicLock Constraints during Resource Balancing                             ; On                 ; On                 ;
; Ignore translate_off and synthesis_off directives                               ; Off                ; Off                ;
; Timing-Driven Synthesis                                                         ; On                 ; On                 ;
; Report Parameter Settings                                                       ; On                 ; On                 ;
; Report Source Assignments                                                       ; On                 ; On                 ;
; Report Connectivity Checks                                                      ; On                 ; On                 ;
; Ignore Maximum Fan-Out Assignments                                              ; Off                ; Off                ;
; Synchronization Register Chain Length                                           ; 3                  ; 3                  ;
; Power Optimization During Synthesis                                             ; Normal compilation ; Normal compilation ;
; HDL message level                                                               ; Level2             ; Level2             ;
; Suppress Register Optimization Related Messages                                 ; Off                ; Off                ;
; Number of Removed Registers Reported in Synthesis Report                        ; 5000               ; 5000               ;
; Number of Swept Nodes Reported in Synthesis Report                              ; 5000               ; 5000               ;
; Number of Inverted Registers Reported in Synthesis Report                       ; 100                ; 100                ;
; Clock MUX Protection                                                            ; On                 ; On                 ;
; Auto Gated Clock Conversion                                                     ; Off                ; Off                ;
; Block Design Naming                                                             ; Auto               ; Auto               ;
; SDC constraint protection                                                       ; Off                ; Off                ;
; Synthesis Effort                                                                ; Auto               ; Auto               ;
; Shift Register Replacement - Allow Asynchronous Clear Signal                    ; On                 ; On                 ;
; Pre-Mapping Resynthesis Optimization                                            ; Off                ; Off                ;
; Analysis & Synthesis Message Level                                              ; Medium             ; Medium             ;
; Disable Register Merging Across Hierarchies                                     ; Auto               ; Auto               ;
; Resource Aware Inference For Block RAM                                          ; On                 ; On                 ;
; Automatic Parallel Synthesis                                                    ; On                 ; On                 ;
; Partial Reconfiguration Bitstream ID                                            ; Off                ; Off                ;
+---------------------------------------------------------------------------------+--------------------+--------------------+


+---------------------------------+
; Analysis & Elaboration Messages ;
+---------------------------------+
Info: *******************************************************************
Info: Running Quartus Prime Analysis & Elaboration
    Info: Version 20.1.1 Build 720 11/11/2020 SJ Lite Edition
    Info: Processing started: Fri Apr 28 10:43:51 2023
Info: Command: quartus_map --read_settings_files=on --write_settings_files=off CPU -c CPU --analysis_and_elaboration
Warning (18236): Number of processors has not been specified which may cause overloading on shared machines.  Set the global assignment NUM_PARALLEL_PROCESSORS in your QSF to an appropriate value for best performance.
Info (20030): Parallel compilation is enabled and will use 4 of the 4 processors detected
Info (12021): Found 2 design units, including 1 entities, in source file /users/spenc/onedrive/documents/school/ece 4435/learning activity 1/pc/program_counter.vhd
    Info (12022): Found design unit 1: program_counter-rtl File: C:/Users/spenc/OneDrive/Documents/School/ECE 4435/Learning Activity 1/PC/program_counter.vhd Line: 15
    Info (12023): Found entity 1: program_counter File: C:/Users/spenc/OneDrive/Documents/School/ECE 4435/Learning Activity 1/PC/program_counter.vhd Line: 5
Info (12021): Found 2 design units, including 1 entities, in source file /users/spenc/onedrive/documents/school/ece 4435/learning activity 1/ir/instruction_register.vhd
    Info (12022): Found design unit 1: instruction_register-rtl File: C:/Users/spenc/OneDrive/Documents/School/ECE 4435/Learning Activity 1/IR/instruction_register.vhd Line: 21
    Info (12023): Found entity 1: instruction_register File: C:/Users/spenc/OneDrive/Documents/School/ECE 4435/Learning Activity 1/IR/instruction_register.vhd Line: 4
Info (12021): Found 2 design units, including 1 entities, in source file /users/spenc/onedrive/documents/school/ece 4435/learning activity 2/rf/source/register_file.vhd
    Info (12022): Found design unit 1: register_file-rtl File: C:/Users/spenc/OneDrive/Documents/School/ECE 4435/Learning Activity 2/RF/Source/register_file.vhd Line: 17
    Info (12023): Found entity 1: register_file File: C:/Users/spenc/OneDrive/Documents/School/ECE 4435/Learning Activity 2/RF/Source/register_file.vhd Line: 5
Info (12021): Found 2 design units, including 1 entities, in source file alu.vhd
    Info (12022): Found design unit 1: alu-rtl File: C:/Users/spenc/OneDrive/Documents/School/ECE 4435/Learning Activity 7/alu.vhd Line: 28
    Info (12023): Found entity 1: alu File: C:/Users/spenc/OneDrive/Documents/School/ECE 4435/Learning Activity 7/alu.vhd Line: 5
Info (12021): Found 2 design units, including 1 entities, in source file datapath.vhd
    Info (12022): Found design unit 1: Datapath-bdf_type File: C:/Users/spenc/OneDrive/Documents/School/ECE 4435/Learning Activity 7/Datapath.vhd Line: 63
    Info (12023): Found entity 1: Datapath File: C:/Users/spenc/OneDrive/Documents/School/ECE 4435/Learning Activity 7/Datapath.vhd Line: 25
Info (12021): Found 2 design units, including 1 entities, in source file opcode_decoder.vhd
    Info (12022): Found design unit 1: opcode_decoder-rtl File: C:/Users/spenc/OneDrive/Documents/School/ECE 4435/Learning Activity 7/opcode_decoder.vhd Line: 34
    Info (12023): Found entity 1: opcode_decoder File: C:/Users/spenc/OneDrive/Documents/School/ECE 4435/Learning Activity 7/opcode_decoder.vhd Line: 4
Info (12021): Found 2 design units, including 1 entities, in source file control_signals_logic.vhd
    Info (12022): Found design unit 1: control_signals_logic-rtl File: C:/Users/spenc/OneDrive/Documents/School/ECE 4435/Learning Activity 7/control_signals_logic.vhd Line: 61
    Info (12023): Found entity 1: control_signals_logic File: C:/Users/spenc/OneDrive/Documents/School/ECE 4435/Learning Activity 7/control_signals_logic.vhd Line: 5
Info (12021): Found 2 design units, including 1 entities, in source file /users/spenc/onedrive/documents/school/ece 4435/learning activity 5/shift control/shift_control.vhd
    Info (12022): Found design unit 1: shift_control-rtl File: C:/Users/spenc/OneDrive/Documents/School/ECE 4435/Learning Activity 5/Shift Control/shift_control.vhd Line: 16
    Info (12023): Found entity 1: shift_control File: C:/Users/spenc/OneDrive/Documents/School/ECE 4435/Learning Activity 5/Shift Control/shift_control.vhd Line: 5
Info (12021): Found 2 design units, including 1 entities, in source file /users/spenc/onedrive/documents/school/ece 4435/learning activity 5/sequencer/sequencer.vhd
    Info (12022): Found design unit 1: sequencer-rtl File: C:/Users/spenc/OneDrive/Documents/School/ECE 4435/Learning Activity 5/Sequencer/sequencer.vhd Line: 30
    Info (12023): Found entity 1: sequencer File: C:/Users/spenc/OneDrive/Documents/School/ECE 4435/Learning Activity 5/Sequencer/sequencer.vhd Line: 5
Info (12021): Found 2 design units, including 1 entities, in source file /users/spenc/onedrive/documents/school/ece 4435/learning activity 5/con logic/con_logic.vhd
    Info (12022): Found design unit 1: con_logic-rtl File: C:/Users/spenc/OneDrive/Documents/School/ECE 4435/Learning Activity 5/Con Logic/con_logic.vhd Line: 15
    Info (12023): Found entity 1: con_logic File: C:/Users/spenc/OneDrive/Documents/School/ECE 4435/Learning Activity 5/Con Logic/con_logic.vhd Line: 4
Info (12021): Found 2 design units, including 1 entities, in source file controlunit.vhd
    Info (12022): Found design unit 1: ControlUnit-bdf_type File: C:/Users/spenc/OneDrive/Documents/School/ECE 4435/Learning Activity 7/ControlUnit.vhd Line: 72
    Info (12023): Found entity 1: ControlUnit File: C:/Users/spenc/OneDrive/Documents/School/ECE 4435/Learning Activity 7/ControlUnit.vhd Line: 25
Info (12021): Found 2 design units, including 1 entities, in source file /users/spenc/onedrive/documents/school/ece 4435/learning activity 6/memory_interface.vhd
    Info (12022): Found design unit 1: memory_interface-Rtl File: C:/Users/spenc/OneDrive/Documents/School/ECE 4435/Learning Activity 6/memory_interface.vhd Line: 22
    Info (12023): Found entity 1: memory_interface File: C:/Users/spenc/OneDrive/Documents/School/ECE 4435/Learning Activity 6/memory_interface.vhd Line: 5
Info (12021): Found 2 design units, including 1 entities, in source file cpu.vhd
    Info (12022): Found design unit 1: CPU-bdf_type File: C:/Users/spenc/OneDrive/Documents/School/ECE 4435/Learning Activity 7/CPU.vhd Line: 40
    Info (12023): Found entity 1: CPU File: C:/Users/spenc/OneDrive/Documents/School/ECE 4435/Learning Activity 7/CPU.vhd Line: 25
Info (12127): Elaborating entity "CPU" for the top level hierarchy
Info (12128): Elaborating entity "ControlUnit" for hierarchy "ControlUnit:b2v_ControlUnit" File: C:/Users/spenc/OneDrive/Documents/School/ECE 4435/Learning Activity 7/CPU.vhd Line: 179
Info (12128): Elaborating entity "con_logic" for hierarchy "ControlUnit:b2v_ControlUnit|con_logic:b2v_CONLogic" File: C:/Users/spenc/OneDrive/Documents/School/ECE 4435/Learning Activity 7/ControlUnit.vhd Line: 199
Warning (10036): Verilog HDL or VHDL warning at con_logic.vhd(20): object "branch_never" assigned a value but never read File: C:/Users/spenc/OneDrive/Documents/School/ECE 4435/Learning Activity 5/Con Logic/con_logic.vhd Line: 20
Info (12128): Elaborating entity "control_signals_logic" for hierarchy "ControlUnit:b2v_ControlUnit|control_signals_logic:b2v_ControlSignalsLogic" File: C:/Users/spenc/OneDrive/Documents/School/ECE 4435/Learning Activity 7/ControlUnit.vhd Line: 208
Info (12129): Elaborating entity "opcode_decoder" using architecture "A:rtl" for hierarchy "ControlUnit:b2v_ControlUnit|control_signals_logic:b2v_ControlSignalsLogic|opcode_decoder:opcode_decoder1" File: C:/Users/spenc/OneDrive/Documents/School/ECE 4435/Learning Activity 7/control_signals_logic.vhd Line: 102
Info (12128): Elaborating entity "sequencer" for hierarchy "ControlUnit:b2v_ControlUnit|sequencer:b2v_Sequencer" File: C:/Users/spenc/OneDrive/Documents/School/ECE 4435/Learning Activity 7/ControlUnit.vhd Line: 262
Info (12128): Elaborating entity "shift_control" for hierarchy "ControlUnit:b2v_ControlUnit|shift_control:b2v_ShiftControl" File: C:/Users/spenc/OneDrive/Documents/School/ECE 4435/Learning Activity 7/ControlUnit.vhd Line: 285
Info (12128): Elaborating entity "memory_interface" for hierarchy "memory_interface:b2v_CPUMemoryInterface" File: C:/Users/spenc/OneDrive/Documents/School/ECE 4435/Learning Activity 7/CPU.vhd Line: 223
Info (12128): Elaborating entity "Datapath" for hierarchy "Datapath:b2v_Datapath" File: C:/Users/spenc/OneDrive/Documents/School/ECE 4435/Learning Activity 7/CPU.vhd Line: 237
Info (12128): Elaborating entity "alu" for hierarchy "Datapath:b2v_Datapath|alu:b2v_ALU" File: C:/Users/spenc/OneDrive/Documents/School/ECE 4435/Learning Activity 7/Datapath.vhd Line: 131
Info (12128): Elaborating entity "instruction_register" for hierarchy "Datapath:b2v_Datapath|instruction_register:b2v_IR" File: C:/Users/spenc/OneDrive/Documents/School/ECE 4435/Learning Activity 7/Datapath.vhd Line: 153
Info (12128): Elaborating entity "program_counter" for hierarchy "Datapath:b2v_Datapath|program_counter:b2v_PC" File: C:/Users/spenc/OneDrive/Documents/School/ECE 4435/Learning Activity 7/Datapath.vhd Line: 168
Info (12128): Elaborating entity "register_file" for hierarchy "Datapath:b2v_Datapath|register_file:b2v_RegisterFile" File: C:/Users/spenc/OneDrive/Documents/School/ECE 4435/Learning Activity 7/Datapath.vhd Line: 176
Info: Quartus Prime Analysis & Elaboration was successful. 0 errors, 2 warnings
    Info: Peak virtual memory: 4843 megabytes
    Info: Processing ended: Fri Apr 28 10:44:06 2023
    Info: Elapsed time: 00:00:15
    Info: Total CPU time (on all processors): 00:00:19


